Load environment configuration
mkdir: created directory '/appsmith-stacks/git-storage'
(node:1521) Warning: Accessing non-existent property 'MongoError' of module exports inside circular dependency
(Use `node --trace-warnings ...` to show where the warning was created)
RTS version v1.7.12 running at http://localhost:8091
Watching MongoDB
Caught exception: TypeError: Cannot read property 'clusterTime' of undefined
Exception origin: uncaughtException
/opt/appsmith/rts/node_modules/mongodb/lib/core/wireprotocol/command.js:53
      session.clusterTime.clusterTime.greaterThan(clusterTime.clusterTime)
                                                              ^

TypeError: Cannot read property 'clusterTime' of undefined
    at _command (/opt/appsmith/rts/node_modules/mongodb/lib/core/wireprotocol/command.js:53:63)
    at command (/opt/appsmith/rts/node_modules/mongodb/lib/core/wireprotocol/command.js:28:5)
    at Object.getMore (/opt/appsmith/rts/node_modules/mongodb/lib/core/wireprotocol/get_more.js:92:3)
    at Connection.getMore (/opt/appsmith/rts/node_modules/mongodb/lib/cmap/connection.js:179:8)
    at /opt/appsmith/rts/node_modules/mongodb/lib/core/sdam/server.js:333:12
    at Object.callback (/opt/appsmith/rts/node_modules/mongodb/lib/cmap/connection_pool.js:345:7)
    at processWaitQueue (/opt/appsmith/rts/node_modules/mongodb/lib/cmap/connection_pool.js:468:23)
    at /opt/appsmith/rts/node_modules/mongodb/lib/cmap/connection_pool.js:236:28
    at processTicksAndRejections (internal/process/task_queues.js:77:11)
Load environment configuration
(node:1677) Warning: Accessing non-existent property 'MongoError' of module exports inside circular dependency
(Use `node --trace-warnings ...` to show where the warning was created)
RTS version v1.7.12 running at http://localhost:8091
Watching MongoDB
ns:/page/edit# socket Nvy9ClzvJJ34J6lpAAAI joined the room page:62f6a72a9fbdbd0f5f942958
ns:/# socket j_DmbvdUXICw1lsqAAAH joined the room app:62f6a72a9fbdbd0f5f942955
ns:/# socket j_DmbvdUXICw1lsqAAAH left the room app:62f6a72a9fbdbd0f5f942955
ns:/# socket j_DmbvdUXICw1lsqAAAH joined the room app:62f6a72a9fbdbd0f5f942955
Load environment configuration
(node:1369) Warning: Accessing non-existent property 'MongoError' of module exports inside circular dependency
(Use `node --trace-warnings ...` to show where the warning was created)
RTS version v1.7.12 running at http://localhost:8091
Error authenticating Error: connect ECONNREFUSED 127.0.0.1:8080
    at TCPConnectWrap.afterConnect [as oncomplete] (net.js:1159:16) {
  errno: -111,
  code: 'ECONNREFUSED',
  syscall: 'connect',
  address: '127.0.0.1',
  port: 8080,
  config: {
    url: 'http://localhost:8080/api/v1/users/me',
    method: 'get',
    headers: {
      Accept: 'application/json, text/plain, */*',
      Cookie: 'SESSION=dbebc589-9f9c-42b5-abdc-3fa1792ae9e3;',
      'User-Agent': 'axios/0.21.2'
    },
    transformRequest: [ [Function: transformRequest] ],
    transformResponse: [ [Function: transformResponse] ],
    timeout: 0,
    adapter: [Function: httpAdapter],
    xsrfCookieName: 'XSRF-TOKEN',
    xsrfHeaderName: 'X-XSRF-TOKEN',
    maxContentLength: -1,
    maxBodyLength: -1,
    validateStatus: [Function: validateStatus],
    transitional: {
      silentJSONParsing: true,
      forcedJSONParsing: true,
      clarifyTimeoutError: false
    },
    data: undefined
  },
  request: <ref *1> Writable {
    _writableState: WritableState {
      objectMode: false,
      highWaterMark: 16384,
      finalCalled: false,
      needDrain: false,
      ending: false,
      ended: false,
      finished: false,
      destroyed: false,
      decodeStrings: true,
      defaultEncoding: 'utf8',
      length: 0,
      writing: false,
      corked: 0,
      sync: true,
      bufferProcessing: false,
      onwrite: [Function: bound onwrite],
      writecb: null,
      writelen: 0,
      afterWriteTickInfo: null,
      buffered: [],
      bufferedIndex: 0,
      allBuffers: true,
      allNoop: true,
      pendingcb: 0,
      prefinished: false,
      errorEmitted: false,
      emitClose: true,
      autoDestroy: true,
      errored: null,
      closed: false
    },
    _events: [Object: null prototype] {
      response: [Function: handleResponse],
      error: [Function: handleRequestError]
    },
    _eventsCount: 2,
    _maxListeners: undefined,
    _options: {
      maxRedirects: 21,
      maxBodyLength: 10485760,
      protocol: 'http:',
      path: '/api/v1/users/me',
      method: 'GET',
      headers: [Object],
      agent: undefined,
      agents: [Object],
      auth: undefined,
      hostname: 'localhost',
      port: '8080',
      nativeProtocols: [Object],
      pathname: '/api/v1/users/me'
    },
    _ended: true,
    _ending: true,
    _redirectCount: 0,
    _redirects: [],
    _requestBodyLength: 0,
    _requestBodyBuffers: [],
    _onNativeResponse: [Function (anonymous)],
    _currentRequest: ClientRequest {
      _events: [Object: null prototype],
      _eventsCount: 7,
      _maxListeners: undefined,
      outputData: [],
      outputSize: 0,
      writable: true,
      destroyed: false,
      _last: true,
      chunkedEncoding: false,
      shouldKeepAlive: false,
      _defaultKeepAlive: true,
      useChunkedEncodingByDefault: false,
      sendDate: false,
      _removedConnection: false,
      _removedContLen: false,
      _removedTE: false,
      _contentLength: 0,
      _hasBody: true,
      _trailer: '',
      finished: true,
      _headerSent: true,
      socket: [Socket],
      _header: 'GET /api/v1/users/me HTTP/1.1\r\n' +
        'Accept: application/json, text/plain, */*\r\n' +
        'Cookie: SESSION=dbebc589-9f9c-42b5-abdc-3fa1792ae9e3;\r\n' +
        'User-Agent: axios/0.21.2\r\n' +
        'Host: localhost:8080\r\n' +
        'Connection: close\r\n' +
        '\r\n',
      _keepAliveTimeout: 0,
      _onPendingData: [Function: noopPendingOutput],
      agent: [Agent],
      socketPath: undefined,
      method: 'GET',
      maxHeaderSize: undefined,
      insecureHTTPParser: undefined,
      path: '/api/v1/users/me',
      _ended: false,
      res: null,
      aborted: false,
      timeoutCb: null,
      upgradeOrConnect: false,
      parser: null,
      maxHeadersCount: null,
      reusedSocket: false,
      host: 'localhost',
      protocol: 'http:',
      _redirectable: [Circular *1],
      [Symbol(kCapture)]: false,
      [Symbol(kNeedDrain)]: false,
      [Symbol(corked)]: 0,
      [Symbol(kOutHeaders)]: [Object: null prototype]
    },
    _currentUrl: 'http://localhost:8080/api/v1/users/me',
    [Symbol(kCapture)]: false
  },
  response: undefined,
  isAxiosError: true,
  toJSON: [Function: toJSON]
}
Error authenticating Error: connect ECONNREFUSED 127.0.0.1:8080
    at TCPConnectWrap.afterConnect [as oncomplete] (net.js:1159:16) {
  errno: -111,
  code: 'ECONNREFUSED',
  syscall: 'connect',
  address: '127.0.0.1',
  port: 8080,
  config: {
    url: 'http://localhost:8080/api/v1/users/me',
    method: 'get',
    headers: {
      Accept: 'application/json, text/plain, */*',
      Cookie: 'SESSION=dbebc589-9f9c-42b5-abdc-3fa1792ae9e3;',
      'User-Agent': 'axios/0.21.2'
    },
    transformRequest: [ [Function: transformRequest] ],
    transformResponse: [ [Function: transformResponse] ],
    timeout: 0,
    adapter: [Function: httpAdapter],
    xsrfCookieName: 'XSRF-TOKEN',
    xsrfHeaderName: 'X-XSRF-TOKEN',
    maxContentLength: -1,
    maxBodyLength: -1,
    validateStatus: [Function: validateStatus],
    transitional: {
      silentJSONParsing: true,
      forcedJSONParsing: true,
      clarifyTimeoutError: false
    },
    data: undefined
  },
  request: <ref *1> Writable {
    _writableState: WritableState {
      objectMode: false,
      highWaterMark: 16384,
      finalCalled: false,
      needDrain: false,
      ending: false,
      ended: false,
      finished: false,
      destroyed: false,
      decodeStrings: true,
      defaultEncoding: 'utf8',
      length: 0,
      writing: false,
      corked: 0,
      sync: true,
      bufferProcessing: false,
      onwrite: [Function: bound onwrite],
      writecb: null,
      writelen: 0,
      afterWriteTickInfo: null,
      buffered: [],
      bufferedIndex: 0,
      allBuffers: true,
      allNoop: true,
      pendingcb: 0,
      prefinished: false,
      errorEmitted: false,
      emitClose: true,
      autoDestroy: true,
      errored: null,
      closed: false
    },
    _events: [Object: null prototype] {
      response: [Function: handleResponse],
      error: [Function: handleRequestError]
    },
    _eventsCount: 2,
    _maxListeners: undefined,
    _options: {
      maxRedirects: 21,
      maxBodyLength: 10485760,
      protocol: 'http:',
      path: '/api/v1/users/me',
      method: 'GET',
      headers: [Object],
      agent: undefined,
      agents: [Object],
      auth: undefined,
      hostname: 'localhost',
      port: '8080',
      nativeProtocols: [Object],
      pathname: '/api/v1/users/me'
    },
    _ended: true,
    _ending: true,
    _redirectCount: 0,
    _redirects: [],
    _requestBodyLength: 0,
    _requestBodyBuffers: [],
    _onNativeResponse: [Function (anonymous)],
    _currentRequest: ClientRequest {
      _events: [Object: null prototype],
      _eventsCount: 7,
      _maxListeners: undefined,
      outputData: [],
      outputSize: 0,
      writable: true,
      destroyed: false,
      _last: true,
      chunkedEncoding: false,
      shouldKeepAlive: false,
      _defaultKeepAlive: true,
      useChunkedEncodingByDefault: false,
      sendDate: false,
      _removedConnection: false,
      _removedContLen: false,
      _removedTE: false,
      _contentLength: 0,
      _hasBody: true,
      _trailer: '',
      finished: true,
      _headerSent: true,
      socket: [Socket],
      _header: 'GET /api/v1/users/me HTTP/1.1\r\n' +
        'Accept: application/json, text/plain, */*\r\n' +
        'Cookie: SESSION=dbebc589-9f9c-42b5-abdc-3fa1792ae9e3;\r\n' +
        'User-Agent: axios/0.21.2\r\n' +
        'Host: localhost:8080\r\n' +
        'Connection: close\r\n' +
        '\r\n',
      _keepAliveTimeout: 0,
      _onPendingData: [Function: noopPendingOutput],
      agent: [Agent],
      socketPath: undefined,
      method: 'GET',
      maxHeaderSize: undefined,
      insecureHTTPParser: undefined,
      path: '/api/v1/users/me',
      _ended: false,
      res: null,
      aborted: false,
      timeoutCb: null,
      upgradeOrConnect: false,
      parser: null,
      maxHeadersCount: null,
      reusedSocket: false,
      host: 'localhost',
      protocol: 'http:',
      _redirectable: [Circular *1],
      [Symbol(kCapture)]: false,
      [Symbol(kNeedDrain)]: false,
      [Symbol(corked)]: 0,
      [Symbol(kOutHeaders)]: [Object: null prototype]
    },
    _currentUrl: 'http://localhost:8080/api/v1/users/me',
    [Symbol(kCapture)]: false
  },
  response: undefined,
  isAxiosError: true,
  toJSON: [Function: toJSON]
}
Error authenticating Error: connect ECONNREFUSED 127.0.0.1:8080
    at TCPConnectWrap.afterConnect [as oncomplete] (net.js:1159:16) {
  errno: -111,
  code: 'ECONNREFUSED',
  syscall: 'connect',
  address: '127.0.0.1',
  port: 8080,
  config: {
    url: 'http://localhost:8080/api/v1/users/me',
    method: 'get',
    headers: {
      Accept: 'application/json, text/plain, */*',
      Cookie: 'SESSION=dbebc589-9f9c-42b5-abdc-3fa1792ae9e3;',
      'User-Agent': 'axios/0.21.2'
    },
    transformRequest: [ [Function: transformRequest] ],
    transformResponse: [ [Function: transformResponse] ],
    timeout: 0,
    adapter: [Function: httpAdapter],
    xsrfCookieName: 'XSRF-TOKEN',
    xsrfHeaderName: 'X-XSRF-TOKEN',
    maxContentLength: -1,
    maxBodyLength: -1,
    validateStatus: [Function: validateStatus],
    transitional: {
      silentJSONParsing: true,
      forcedJSONParsing: true,
      clarifyTimeoutError: false
    },
    data: undefined
  },
  request: <ref *1> Writable {
    _writableState: WritableState {
      objectMode: false,
      highWaterMark: 16384,
      finalCalled: false,
      needDrain: false,
      ending: false,
      ended: false,
      finished: false,
      destroyed: false,
      decodeStrings: true,
      defaultEncoding: 'utf8',
      length: 0,
      writing: false,
      corked: 0,
      sync: true,
      bufferProcessing: false,
      onwrite: [Function: bound onwrite],
      writecb: null,
      writelen: 0,
      afterWriteTickInfo: null,
      buffered: [],
      bufferedIndex: 0,
      allBuffers: true,
      allNoop: true,
      pendingcb: 0,
      prefinished: false,
      errorEmitted: false,
      emitClose: true,
      autoDestroy: true,
      errored: null,
      closed: false
    },
    _events: [Object: null prototype] {
      response: [Function: handleResponse],
      error: [Function: handleRequestError]
    },
    _eventsCount: 2,
    _maxListeners: undefined,
    _options: {
      maxRedirects: 21,
      maxBodyLength: 10485760,
      protocol: 'http:',
      path: '/api/v1/users/me',
      method: 'GET',
      headers: [Object],
      agent: undefined,
      agents: [Object],
      auth: undefined,
      hostname: 'localhost',
      port: '8080',
      nativeProtocols: [Object],
      pathname: '/api/v1/users/me'
    },
    _ended: true,
    _ending: true,
    _redirectCount: 0,
    _redirects: [],
    _requestBodyLength: 0,
    _requestBodyBuffers: [],
    _onNativeResponse: [Function (anonymous)],
    _currentRequest: ClientRequest {
      _events: [Object: null prototype],
      _eventsCount: 7,
      _maxListeners: undefined,
      outputData: [],
      outputSize: 0,
      writable: true,
      destroyed: false,
      _last: true,
      chunkedEncoding: false,
      shouldKeepAlive: false,
      _defaultKeepAlive: true,
      useChunkedEncodingByDefault: false,
      sendDate: false,
      _removedConnection: false,
      _removedContLen: false,
      _removedTE: false,
      _contentLength: 0,
      _hasBody: true,
      _trailer: '',
      finished: true,
      _headerSent: true,
      socket: [Socket],
      _header: 'GET /api/v1/users/me HTTP/1.1\r\n' +
        'Accept: application/json, text/plain, */*\r\n' +
        'Cookie: SESSION=dbebc589-9f9c-42b5-abdc-3fa1792ae9e3;\r\n' +
        'User-Agent: axios/0.21.2\r\n' +
        'Host: localhost:8080\r\n' +
        'Connection: close\r\n' +
        '\r\n',
      _keepAliveTimeout: 0,
      _onPendingData: [Function: noopPendingOutput],
      agent: [Agent],
      socketPath: undefined,
      method: 'GET',
      maxHeaderSize: undefined,
      insecureHTTPParser: undefined,
      path: '/api/v1/users/me',
      _ended: false,
      res: null,
      aborted: false,
      timeoutCb: null,
      upgradeOrConnect: false,
      parser: null,
      maxHeadersCount: null,
      reusedSocket: false,
      host: 'localhost',
      protocol: 'http:',
      _redirectable: [Circular *1],
      [Symbol(kCapture)]: false,
      [Symbol(kNeedDrain)]: false,
      [Symbol(corked)]: 0,
      [Symbol(kOutHeaders)]: [Object: null prototype]
    },
    _currentUrl: 'http://localhost:8080/api/v1/users/me',
    [Symbol(kCapture)]: false
  },
  response: undefined,
  isAxiosError: true,
  toJSON: [Function: toJSON]
}
Error authenticating Error: connect ECONNREFUSED 127.0.0.1:8080
    at TCPConnectWrap.afterConnect [as oncomplete] (net.js:1159:16) {
  errno: -111,
  code: 'ECONNREFUSED',
  syscall: 'connect',
  address: '127.0.0.1',
  port: 8080,
  config: {
    url: 'http://localhost:8080/api/v1/users/me',
    method: 'get',
    headers: {
      Accept: 'application/json, text/plain, */*',
      Cookie: 'SESSION=dbebc589-9f9c-42b5-abdc-3fa1792ae9e3;',
      'User-Agent': 'axios/0.21.2'
    },
    transformRequest: [ [Function: transformRequest] ],
    transformResponse: [ [Function: transformResponse] ],
    timeout: 0,
    adapter: [Function: httpAdapter],
    xsrfCookieName: 'XSRF-TOKEN',
    xsrfHeaderName: 'X-XSRF-TOKEN',
    maxContentLength: -1,
    maxBodyLength: -1,
    validateStatus: [Function: validateStatus],
    transitional: {
      silentJSONParsing: true,
      forcedJSONParsing: true,
      clarifyTimeoutError: false
    },
    data: undefined
  },
  request: <ref *1> Writable {
    _writableState: WritableState {
      objectMode: false,
      highWaterMark: 16384,
      finalCalled: false,
      needDrain: false,
      ending: false,
      ended: false,
      finished: false,
      destroyed: false,
      decodeStrings: true,
      defaultEncoding: 'utf8',
      length: 0,
      writing: false,
      corked: 0,
      sync: true,
      bufferProcessing: false,
      onwrite: [Function: bound onwrite],
      writecb: null,
      writelen: 0,
      afterWriteTickInfo: null,
      buffered: [],
      bufferedIndex: 0,
      allBuffers: true,
      allNoop: true,
      pendingcb: 0,
      prefinished: false,
      errorEmitted: false,
      emitClose: true,
      autoDestroy: true,
      errored: null,
      closed: false
    },
    _events: [Object: null prototype] {
      response: [Function: handleResponse],
      error: [Function: handleRequestError]
    },
    _eventsCount: 2,
    _maxListeners: undefined,
    _options: {
      maxRedirects: 21,
      maxBodyLength: 10485760,
      protocol: 'http:',
      path: '/api/v1/users/me',
      method: 'GET',
      headers: [Object],
      agent: undefined,
      agents: [Object],
      auth: undefined,
      hostname: 'localhost',
      port: '8080',
      nativeProtocols: [Object],
      pathname: '/api/v1/users/me'
    },
    _ended: true,
    _ending: true,
    _redirectCount: 0,
    _redirects: [],
    _requestBodyLength: 0,
    _requestBodyBuffers: [],
    _onNativeResponse: [Function (anonymous)],
    _currentRequest: ClientRequest {
      _events: [Object: null prototype],
      _eventsCount: 7,
      _maxListeners: undefined,
      outputData: [],
      outputSize: 0,
      writable: true,
      destroyed: false,
      _last: true,
      chunkedEncoding: false,
      shouldKeepAlive: false,
      _defaultKeepAlive: true,
      useChunkedEncodingByDefault: false,
      sendDate: false,
      _removedConnection: false,
      _removedContLen: false,
      _removedTE: false,
      _contentLength: 0,
      _hasBody: true,
      _trailer: '',
      finished: true,
      _headerSent: true,
      socket: [Socket],
      _header: 'GET /api/v1/users/me HTTP/1.1\r\n' +
        'Accept: application/json, text/plain, */*\r\n' +
        'Cookie: SESSION=dbebc589-9f9c-42b5-abdc-3fa1792ae9e3;\r\n' +
        'User-Agent: axios/0.21.2\r\n' +
        'Host: localhost:8080\r\n' +
        'Connection: close\r\n' +
        '\r\n',
      _keepAliveTimeout: 0,
      _onPendingData: [Function: noopPendingOutput],
      agent: [Agent],
      socketPath: undefined,
      method: 'GET',
      maxHeaderSize: undefined,
      insecureHTTPParser: undefined,
      path: '/api/v1/users/me',
      _ended: false,
      res: null,
      aborted: false,
      timeoutCb: null,
      upgradeOrConnect: false,
      parser: null,
      maxHeadersCount: null,
      reusedSocket: false,
      host: 'localhost',
      protocol: 'http:',
      _redirectable: [Circular *1],
      [Symbol(kCapture)]: false,
      [Symbol(kNeedDrain)]: false,
      [Symbol(corked)]: 0,
      [Symbol(kOutHeaders)]: [Object: null prototype]
    },
    _currentUrl: 'http://localhost:8080/api/v1/users/me',
    [Symbol(kCapture)]: false
  },
  response: undefined,
  isAxiosError: true,
  toJSON: [Function: toJSON]
}
Watching MongoDB
ns:/page/edit# socket sZinP1PS0IYJUhLFAAAI joined the room page:62f6a72a9fbdbd0f5f942958
ns:/# socket b2cGmQY05-z6HU8tAAAH joined the room app:62f6a72a9fbdbd0f5f942955
ns:/# socket b2cGmQY05-z6HU8tAAAH left the room app:62f6a72a9fbdbd0f5f942955
ns:/# socket b2cGmQY05-z6HU8tAAAH joined the room app:62f6a72a9fbdbd0f5f942955
ns:/# socket b2cGmQY05-z6HU8tAAAH left the room app:62f6a72a9fbdbd0f5f942955
ns:/page/edit # socket sZinP1PS0IYJUhLFAAAI left the room page:62f6a72a9fbdbd0f5f942958
ns:/# socket EC9yDOwxEptvH1-xAAAT joined the room app:62f6a72a9fbdbd0f5f942955
ns:/page/edit# socket rK5uRz-StKBPpD12AAAU joined the room page:62f6a72a9fbdbd0f5f942958
ns:/# socket EC9yDOwxEptvH1-xAAAT left the room app:62f6a72a9fbdbd0f5f942955
ns:/page/edit # socket rK5uRz-StKBPpD12AAAU left the room page:62f6a72a9fbdbd0f5f942958
ns:/page/edit# socket rK5uRz-StKBPpD12AAAU joined the room page:62f6a72a9fbdbd0f5f942958
ns:/# socket EC9yDOwxEptvH1-xAAAT joined the room app:62f6a72a9fbdbd0f5f942955
ns:/# socket EC9yDOwxEptvH1-xAAAT left the room app:62f6a72a9fbdbd0f5f942955
ns:/# socket EC9yDOwxEptvH1-xAAAT joined the room app:62f6a72a9fbdbd0f5f942955
