+ http_conf=/opt/appsmith/templates/nginx-app-http.conf.template.sh
+ https_conf=/opt/appsmith/templates/nginx-app-https.conf.template.sh
+ ssl_conf_path=/appsmith-stacks/data/certificate/conf
+ APP_TEMPLATE=/opt/appsmith/templates/nginx-app-http.conf.template.sh
+ mkdir -pv /appsmith-stacks/data/certificate/conf
+ cat
+ cat
+ [[ -z 'self' * ]]
+ export 'APPSMITH_ALLOWED_FRAME_ANCESTORS='\''self'\'' *'
+ APPSMITH_ALLOWED_FRAME_ANCESTORS=''\''self'\'' *'
+ [[ -n '' ]]
+ bash /opt/appsmith/templates/nginx-app-http.conf.template.sh ''
+ index_html_served=/opt/appsmith/editor/index.html
+ index_html_original=/opt/appsmith/index.html.original
+ [[ ! -f /opt/appsmith/index.html.original ]]
+ cp -v /opt/appsmith/editor/index.html /opt/appsmith/index.html.original
+ node -e '
const fs = require("fs")
const content = fs.readFileSync("/opt/appsmith/index.html.original", "utf8").replace(
  /\b__(APPSMITH_[A-Z0-9_]+)__\b/g,
  (placeholder, name) => (process.env[name] || "")
)
fs.writeFileSync("/opt/appsmith/editor/index.html", content)
'
+ exec nginx -g 'daemon off;error_log stderr info;'
2022/08/12 19:13:53 [notice] 1522#1522: using the "epoll" event method
2022/08/12 19:13:53 [notice] 1522#1522: nginx/1.18.0 (Ubuntu)
2022/08/12 19:13:53 [notice] 1522#1522: OS: Linux 5.10.104-linuxkit
2022/08/12 19:13:53 [notice] 1522#1522: getrlimit(RLIMIT_NOFILE): 1048576:1048576
2022/08/12 19:13:53 [notice] 1522#1522: start worker processes
2022/08/12 19:13:53 [notice] 1522#1522: start worker process 1566
2022/08/12 19:13:53 [notice] 1522#1522: start worker process 1567
2022/08/12 19:13:53 [notice] 1522#1522: start worker process 1568
2022/08/12 19:13:53 [notice] 1522#1522: start worker process 1569
2022/08/12 19:46:31 [notice] 1522#1522: signal 3 (SIGQUIT) received from 1, shutting down
2022/08/12 19:46:31 [notice] 1566#1566: gracefully shutting down
2022/08/12 19:46:31 [notice] 1567#1567: gracefully shutting down
2022/08/12 19:46:31 [notice] 1569#1569: gracefully shutting down
2022/08/12 19:46:31 [notice] 1567#1567: exiting
2022/08/12 19:46:31 [notice] 1568#1568: gracefully shutting down
2022/08/12 19:46:31 [notice] 1568#1568: exiting
2022/08/12 19:46:31 [notice] 1568#1568: exit
2022/08/12 19:46:31 [notice] 1567#1567: exit
2022/08/12 19:46:31 [notice] 1522#1522: signal 17 (SIGCHLD) received from 1568
2022/08/12 19:46:31 [notice] 1522#1522: worker process 1568 exited with code 0
2022/08/12 19:46:31 [notice] 1522#1522: signal 29 (SIGIO) received
2022/08/12 19:46:31 [notice] 1522#1522: signal 17 (SIGCHLD) received from 1567
2022/08/12 19:46:31 [notice] 1522#1522: worker process 1567 exited with code 0
2022/08/12 19:46:31 [notice] 1522#1522: signal 29 (SIGIO) received
+ http_conf=/opt/appsmith/templates/nginx-app-http.conf.template.sh
+ https_conf=/opt/appsmith/templates/nginx-app-https.conf.template.sh
+ ssl_conf_path=/appsmith-stacks/data/certificate/conf
+ APP_TEMPLATE=/opt/appsmith/templates/nginx-app-http.conf.template.sh
+ mkdir -pv /appsmith-stacks/data/certificate/conf
+ cat
+ cat
+ [[ -z 'self' * ]]
+ export 'APPSMITH_ALLOWED_FRAME_ANCESTORS='\''self'\'' *'
+ APPSMITH_ALLOWED_FRAME_ANCESTORS=''\''self'\'' *'
+ [[ -n '' ]]
+ bash /opt/appsmith/templates/nginx-app-http.conf.template.sh ''
+ index_html_served=/opt/appsmith/editor/index.html
+ index_html_original=/opt/appsmith/index.html.original
+ [[ ! -f /opt/appsmith/index.html.original ]]
+ node -e '
const fs = require("fs")
const content = fs.readFileSync("/opt/appsmith/index.html.original", "utf8").replace(
  /\b__(APPSMITH_[A-Z0-9_]+)__\b/g,
  (placeholder, name) => (process.env[name] || "")
)
fs.writeFileSync("/opt/appsmith/editor/index.html", content)
'
+ exec nginx -g 'daemon off;error_log stderr info;'
2022/08/12 19:46:46 [notice] 1370#1370: using the "epoll" event method
2022/08/12 19:46:46 [notice] 1370#1370: nginx/1.18.0 (Ubuntu)
2022/08/12 19:46:46 [notice] 1370#1370: OS: Linux 5.10.104-linuxkit
2022/08/12 19:46:46 [notice] 1370#1370: getrlimit(RLIMIT_NOFILE): 1048576:1048576
2022/08/12 19:46:46 [notice] 1370#1370: start worker processes
2022/08/12 19:46:46 [notice] 1370#1370: start worker process 1413
2022/08/12 19:46:46 [notice] 1370#1370: start worker process 1414
2022/08/12 19:46:46 [notice] 1370#1370: start worker process 1415
2022/08/12 19:46:46 [notice] 1370#1370: start worker process 1416
